Using method `randr'.
Waiting for initial location to become available...
Location: 42.15 N, 24.75 E
xscreensaver-gfx: 15:53:33: RANDR and Xinerama report different screen layouts
xscreensaver-gfx: 15:53:33: screens in use: 2
xscreensaver-gfx: 15:53:33:    4/0: 1920x1080+0+0 (HDMI-0)
xscreensaver-gfx: 15:53:33:    5/0: 1920x1080+1920+0 (DP-4)
xscreensaver-gfx: 15:53:33: rejected screens: 5
xscreensaver-gfx: 15:53:33:    0/0: 1920x1080+0+0 (DP-0) -- output disabled
xscreensaver-gfx: 15:53:33:    1/0: 1920x1080+0+0 (DP-1) -- output disabled
xscreensaver-gfx: 15:53:33:    2/0: 1920x1080+0+0 (DP-2) -- output disabled
xscreensaver-gfx: 15:53:33:    3/0: 1920x1080+0+0 (DP-3) -- output disabled
xscreensaver-gfx: 15:53:33:    6/0: 1920x1080+0+0 (DP-5) -- output disabled
xscreensaver-gfx: 15:53:43: RANDR and Xinerama report different screen layouts
xscreensaver-gfx: 15:53:43: screens in use: 2
xscreensaver-gfx: 15:53:43:    4/0: 1920x1080+0+0 (HDMI-0)
xscreensaver-gfx: 15:53:43:    5/0: 1920x1080+1920+0 (DP-4)
xscreensaver-gfx: 15:53:43: rejected screens: 5
xscreensaver-gfx: 15:53:43:    0/0: 1920x1080+0+0 (DP-0) -- output disabled
xscreensaver-gfx: 15:53:43:    1/0: 1920x1080+0+0 (DP-1) -- output disabled
xscreensaver-gfx: 15:53:43:    2/0: 1920x1080+0+0 (DP-2) -- output disabled
xscreensaver-gfx: 15:53:43:    3/0: 1920x1080+0+0 (DP-3) -- output disabled
xscreensaver-gfx: 15:53:43:    6/0: 1920x1080+0+0 (DP-5) -- output disabled
xscreensaver-gfx: 16:08:05: RANDR and Xinerama report different screen layouts
xscreensaver-gfx: 16:08:05: screens in use: 2
xscreensaver-gfx: 16:08:05:    4/0: 1920x1080+0+0 (HDMI-0)
xscreensaver-gfx: 16:08:05:    5/0: 1920x1080+1920+0 (DP-4)
xscreensaver-gfx: 16:08:05: rejected screens: 5
xscreensaver-gfx: 16:08:05:    0/0: 1920x1080+0+0 (DP-0) -- output disabled
xscreensaver-gfx: 16:08:05:    1/0: 1920x1080+0+0 (DP-1) -- output disabled
xscreensaver-gfx: 16:08:05:    2/0: 1920x1080+0+0 (DP-2) -- output disabled
xscreensaver-gfx: 16:08:05:    3/0: 1920x1080+0+0 (DP-3) -- output disabled
xscreensaver-gfx: 16:08:05:    6/0: 1920x1080+0+0 (DP-5) -- output disabled
xscreensaver-gfx: 16:41:59: RANDR and Xinerama report different screen layouts
xscreensaver-gfx: 16:41:59: screens in use: 1
xscreensaver-gfx: 16:41:59:    4/0: 1920x1080+0+0 (HDMI-0)
xscreensaver-gfx: 16:41:59: rejected screens: 6
xscreensaver-gfx: 16:41:59:    0/0: 1920x1080+0+0 (DP-0) -- output disabled
xscreensaver-gfx: 16:41:59:    1/0: 1920x1080+0+0 (DP-1) -- output disabled
xscreensaver-gfx: 16:41:59:    2/0: 1920x1080+0+0 (DP-2) -- output disabled
xscreensaver-gfx: 16:41:59:    3/0: 1920x1080+0+0 (DP-3) -- output disabled
xscreensaver-gfx: 16:41:59:    5/0: 1920x1080+1920+0 (DP-4) -- output disabled
xscreensaver-gfx: 16:41:59:    6/0: 1920x1080+0+0 (DP-5) -- output disabled
xscreensaver: 16:58:23: SIGTERM received: exiting
Using method `randr'.
Waiting for initial location to become available...
Location: 42.15 N, 24.75 E
